Using pre-set license
Built from '2021.1/staging' branch; Version is '2021.1.0b1 (9f7c487dd2da) revision 10452040'; Using compiler version '192528614'; Build Type 'Release'
OS: 'Windows 10 Enterprise; OS build 19041.746; Version 2004; 64bit' Language: 'en' Physical Memory: 8016 MB
BatchMode: 1, IsHumanControllingUs: 0, StartBugReporterOnCrash: 0, Is64bit: 1, IsPro: 0

 COMMAND LINE ARGUMENTS:
C:\Program Files\Unity\Hub\Editor\2021.1.0b1\Editor\Unity.exe
-adb2
-batchMode
-noUpm
-name
AssetImportWorker0
-projectPath
C:/Users/PapillonV/Desktop/Unity Projects/Mind Blow
-logFile
Logs/AssetImportWorker0.log
-srvPort
53606
Successfully changed project path to: C:/Users/PapillonV/Desktop/Unity Projects/Mind Blow
C:/Users/PapillonV/Desktop/Unity Projects/Mind Blow
Using Asset Import Pipeline V2.
Refreshing native plugins compatible for Editor in 334.22 ms, found 3 plugins.
Preloading 0 native plugins for Editor in 0.00 ms.
Initialize engine version: 2021.1.0b1 (9f7c487dd2da)
[Subsystems] Discovering subsystems at path C:/Program Files/Unity/Hub/Editor/2021.1.0b1/Editor/Data/Resources/UnitySubsystems
[Subsystems] Discovering subsystems at path C:/Users/PapillonV/Desktop/Unity Projects/Mind Blow/Assets
GfxDevice: creating device client; threaded=0; jobified=0
Direct3D:
    Version:  Direct3D 11.0 [level 11.1]
    Renderer: AMD Radeon R7 M440 (ID=0x6900)
    Vendor:   ATI
    VRAM:     2038 MB
    Driver:   27.20.14501.28009
Initialize mono
Mono path[0] = 'C:/Program Files/Unity/Hub/Editor/2021.1.0b1/Editor/Data/Managed'
Mono path[1] = 'C:/Program Files/Unity/Hub/Editor/2021.1.0b1/Editor/Data/MonoBleedingEdge/lib/mono/unityjit'
Mono config path = 'C:/Program Files/Unity/Hub/Editor/2021.1.0b1/Editor/Data/MonoBleedingEdge/etc'
Using monoOptions --debugger-agent=transport=dt_socket,embedding=1,server=y,suspend=n,address=127.0.0.1:56860
Begin MonoManager ReloadAssembly
Registering precompiled unity dll's ...
Register platform support module: C:/Program Files/Unity/Hub/Editor/2021.1.0b1/Editor/Data/PlaybackEngines/WindowsStandaloneSupport/UnityEditor.WindowsStandalone.Extensions.dll
Registered in 0.011448 seconds.
Native extension for WindowsStandalone target not found
Refreshing native plugins compatible for Editor in 64.18 ms, found 3 plugins.
Preloading 0 native plugins for Editor in 0.00 ms.
Mono: successfully reloaded assembly
- Completed reload, in  9.023 seconds
Platform modules already initialized, skipping
Registering precompiled user dll's ...
Registered in 0.096660 seconds.
Begin MonoManager ReloadAssembly
Native extension for WindowsStandalone target not found
Refreshing native plugins compatible for Editor in 2.28 ms, found 3 plugins.
Preloading 0 native plugins for Editor in 0.00 ms.
Mono: successfully reloaded assembly
- Completed reload, in  1.346 seconds
Platform modules already initialized, skipping
========================================================================
Worker process is ready to serve import requests
Launched and connected shader compiler UnityShaderCompiler.exe after 0.07 seconds
Refreshing native plugins compatible for Editor in 2.23 ms, found 3 plugins.
Preloading 0 native plugins for Editor in 0.00 ms.
Unloading 2087 Unused Serialized files (Serialized files now loaded: 0)
System memory in use before: 220.2 MB.
System memory in use after: 220.3 MB.

Unloading 249 unused Assets to reduce memory usage. Loaded Objects now: 2328.
Total: 3.960500 ms (FindLiveObjects: 0.762100 ms CreateObjectMapping: 0.245600 ms MarkObjects: 2.760300 ms  DeleteObjects: 0.190500 ms)

========================================================================
Received Import Request.
  path: Assets/Plugins/Android/Firebase.androidlib
  artifactKey: Guid(2c5b4a347c79c5843b459331cdfc96d7) Importer(815301076,1909f56bfc062723c751e8b465ee728b)
Start importing Assets/Plugins/Android/Firebase.androidlib using Guid(2c5b4a347c79c5843b459331cdfc96d7) Importer(815301076,1909f56bfc062723c751e8b465ee728b)  -> (artifact id: '7ad903cea18f8b5a5ead466d6c2f6061') in 0.010383 seconds 
========================================================================
Received Import Request.
  Time since last request: 12.847312 seconds.
  path: Assets/Plugins/Android/EasyMobile.androidlib
  artifactKey: Guid(13d3ae74ffebdd94ba449bcaa535cf5d) Importer(815301076,1909f56bfc062723c751e8b465ee728b)
Start importing Assets/Plugins/Android/EasyMobile.androidlib using Guid(13d3ae74ffebdd94ba449bcaa535cf5d) Importer(815301076,1909f56bfc062723c751e8b465ee728b)  -> (artifact id: '4e5ab6a1a361ab220590313254302bef') in 0.002629 seconds 
========================================================================
Received Prepare
Refreshing native plugins compatible for Editor in 66.50 ms, found 3 plugins.
Preloading 0 native plugins for Editor in 0.00 ms.
Unloading 243 Unused Serialized files (Serialized files now loaded: 0)
System memory in use before: 182.9 MB.
System memory in use after: 183.0 MB.

Unloading 242 unused Assets to reduce memory usage. Loaded Objects now: 2328.
Total: 3.086900 ms (FindLiveObjects: 0.294100 ms CreateObjectMapping: 0.189000 ms MarkObjects: 2.514700 ms  DeleteObjects: 0.087100 ms)

========================================================================
Received Prepare
Registering precompiled user dll's ...
Registered in 0.041184 seconds.
Begin MonoManager ReloadAssembly
Native extension for WindowsStandalone target not found
Refreshing native plugins compatible for Editor in 2.13 ms, found 3 plugins.
Preloading 0 native plugins for Editor in 0.00 ms.
Mono: successfully reloaded assembly
- Completed reload, in  2.404 seconds
Platform modules already initialized, skipping
Switching build target platform(19) subTarget(0) extendedPlatform(0) -> platform(13) subTarget(537395200) extendedPlatform(0)
Refreshing native plugins compatible for Editor in 2.48 ms, found 3 plugins.
Preloading 0 native plugins for Editor in 0.00 ms.
Unloading 2079 Unused Serialized files (Serialized files now loaded: 0)
System memory in use before: 219.6 MB.
System memory in use after: 219.7 MB.

Unloading 252 unused Assets to reduce memory usage. Loaded Objects now: 2330.
Total: 3.975700 ms (FindLiveObjects: 0.255900 ms CreateObjectMapping: 0.158200 ms MarkObjects: 3.366400 ms  DeleteObjects: 0.193300 ms)

AssetImportParameters requested are different than current active one (requested -> active):
  custom:graphics/normal-map-encoding: 01000000000000000000000000000000 -> 02000000000000000000000000000000
========================================================================
Received Prepare
Registering precompiled user dll's ...
Registered in 0.069320 seconds.
Begin MonoManager ReloadAssembly
Native extension for WindowsStandalone target not found
Refreshing native plugins compatible for Editor in 5.57 ms, found 3 plugins.
Preloading 0 native plugins for Editor in 0.00 ms.
Mono: successfully reloaded assembly
- Completed reload, in  3.669 seconds
Platform modules already initialized, skipping
Switching build target platform(19) subTarget(0) extendedPlatform(0) -> platform(13) subTarget(537395200) extendedPlatform(0)
Refreshing native plugins compatible for Editor in 9.69 ms, found 3 plugins.
Preloading 0 native plugins for Editor in 0.00 ms.
Unloading 2079 Unused Serialized files (Serialized files now loaded: 0)
System memory in use before: 219.7 MB.
System memory in use after: 219.8 MB.

Unloading 252 unused Assets to reduce memory usage. Loaded Objects now: 2332.
Total: 16.194700 ms (FindLiveObjects: 0.595600 ms CreateObjectMapping: 0.270600 ms MarkObjects: 14.906800 ms  DeleteObjects: 0.411600 ms)

AssetImportParameters requested are different than current active one (requested -> active):
  custom:graphics/normal-map-encoding: 01000000000000000000000000000000 -> 02000000000000000000000000000000
========================================================================
Received Prepare
Registering precompiled user dll's ...
Registered in 0.032831 seconds.
Begin MonoManager ReloadAssembly
Native extension for WindowsStandalone target not found
Refreshing native plugins compatible for Editor in 3.42 ms, found 3 plugins.
Preloading 0 native plugins for Editor in 0.00 ms.
Mono: successfully reloaded assembly
- Completed reload, in  1.667 seconds
Platform modules already initialized, skipping
Switching build target platform(19) subTarget(0) extendedPlatform(0) -> platform(13) subTarget(537395200) extendedPlatform(0)
Refreshing native plugins compatible for Editor in 2.09 ms, found 3 plugins.
Preloading 0 native plugins for Editor in 0.00 ms.
Unloading 2079 Unused Serialized files (Serialized files now loaded: 0)
System memory in use before: 219.8 MB.
System memory in use after: 219.9 MB.

Unloading 252 unused Assets to reduce memory usage. Loaded Objects now: 2334.
Total: 2.994300 ms (FindLiveObjects: 0.258600 ms CreateObjectMapping: 0.119300 ms MarkObjects: 2.533100 ms  DeleteObjects: 0.081800 ms)

AssetImportParameters requested are different than current active one (requested -> active):
  custom:graphics/normal-map-encoding: 01000000000000000000000000000000 -> 02000000000000000000000000000000
========================================================================
Received Prepare
Registering precompiled user dll's ...
Registered in 0.065402 seconds.
Begin MonoManager ReloadAssembly
Native extension for WindowsStandalone target not found
Refreshing native plugins compatible for Editor in 4.11 ms, found 3 plugins.
Preloading 0 native plugins for Editor in 0.00 ms.
Mono: successfully reloaded assembly
- Completed reload, in  4.101 seconds
Platform modules already initialized, skipping
Switching build target platform(19) subTarget(0) extendedPlatform(0) -> platform(13) subTarget(537395200) extendedPlatform(0)
Refreshing native plugins compatible for Editor in 19.21 ms, found 3 plugins.
Preloading 0 native plugins for Editor in 0.00 ms.
Unloading 2079 Unused Serialized files (Serialized files now loaded: 0)
System memory in use before: 219.9 MB.
System memory in use after: 220.0 MB.

Unloading 252 unused Assets to reduce memory usage. Loaded Objects now: 2336.
Total: 12.165900 ms (FindLiveObjects: 3.214800 ms CreateObjectMapping: 0.273200 ms MarkObjects: 7.072600 ms  DeleteObjects: 1.602700 ms)

AssetImportParameters requested are different than current active one (requested -> active):
  custom:graphics/normal-map-encoding: 01000000000000000000000000000000 -> 02000000000000000000000000000000
========================================================================
Received Prepare
Registering precompiled user dll's ...
Registered in 0.078409 seconds.
Begin MonoManager ReloadAssembly
Native extension for WindowsStandalone target not found
Refreshing native plugins compatible for Editor in 2.44 ms, found 3 plugins.
Preloading 0 native plugins for Editor in 0.00 ms.
Mono: successfully reloaded assembly
- Completed reload, in  3.115 seconds
Platform modules already initialized, skipping
Switching build target platform(19) subTarget(0) extendedPlatform(0) -> platform(13) subTarget(537395200) extendedPlatform(0)
Refreshing native plugins compatible for Editor in 2.15 ms, found 3 plugins.
Preloading 0 native plugins for Editor in 0.00 ms.
Unloading 2079 Unused Serialized files (Serialized files now loaded: 0)
System memory in use before: 219.9 MB.
System memory in use after: 220.0 MB.

Unloading 252 unused Assets to reduce memory usage. Loaded Objects now: 2338.
Total: 3.056000 ms (FindLiveObjects: 0.402100 ms CreateObjectMapping: 0.235800 ms MarkObjects: 2.338500 ms  DeleteObjects: 0.077800 ms)

AssetImportParameters requested are different than current active one (requested -> active):
  custom:graphics/normal-map-encoding: 01000000000000000000000000000000 -> 02000000000000000000000000000000
========================================================================
Received Prepare
Registering precompiled user dll's ...
Registered in 0.016275 seconds.
Begin MonoManager ReloadAssembly
Native extension for WindowsStandalone target not found
Refreshing native plugins compatible for Editor in 3.50 ms, found 3 plugins.
Preloading 0 native plugins for Editor in 0.00 ms.
Mono: successfully reloaded assembly
- Completed reload, in  2.197 seconds
Platform modules already initialized, skipping
Switching build target platform(19) subTarget(0) extendedPlatform(0) -> platform(13) subTarget(537395200) extendedPlatform(0)
Refreshing native plugins compatible for Editor in 4.22 ms, found 3 plugins.
Preloading 0 native plugins for Editor in 0.00 ms.
Unloading 2079 Unused Serialized files (Serialized files now loaded: 0)
System memory in use before: 220.0 MB.
System memory in use after: 220.1 MB.

Unloading 252 unused Assets to reduce memory usage. Loaded Objects now: 2340.
Total: 3.574500 ms (FindLiveObjects: 0.527400 ms CreateObjectMapping: 0.141400 ms MarkObjects: 2.823300 ms  DeleteObjects: 0.079400 ms)

AssetImportParameters requested are different than current active one (requested -> active):
  custom:graphics/normal-map-encoding: 01000000000000000000000000000000 -> 02000000000000000000000000000000
========================================================================
Received Prepare
Registering precompiled user dll's ...
Registered in 0.066102 seconds.
Begin MonoManager ReloadAssembly
Native extension for WindowsStandalone target not found
Refreshing native plugins compatible for Editor in 3.80 ms, found 3 plugins.
Preloading 0 native plugins for Editor in 0.00 ms.
Mono: successfully reloaded assembly
- Completed reload, in  3.034 seconds
Platform modules already initialized, skipping
Switching build target platform(19) subTarget(0) extendedPlatform(0) -> platform(13) subTarget(537395200) extendedPlatform(0)
Refreshing native plugins compatible for Editor in 5.45 ms, found 3 plugins.
Preloading 0 native plugins for Editor in 0.00 ms.
Unloading 2079 Unused Serialized files (Serialized files now loaded: 0)
System memory in use before: 220.0 MB.
System memory in use after: 220.1 MB.

Unloading 252 unused Assets to reduce memory usage. Loaded Objects now: 2342.
Total: 4.411500 ms (FindLiveObjects: 0.299800 ms CreateObjectMapping: 0.168600 ms MarkObjects: 3.813400 ms  DeleteObjects: 0.127300 ms)

AssetImportParameters requested are different than current active one (requested -> active):
  custom:graphics/normal-map-encoding: 01000000000000000000000000000000 -> 02000000000000000000000000000000
========================================================================
Received Prepare
Registering precompiled user dll's ...
Registered in 0.034178 seconds.
Begin MonoManager ReloadAssembly
Native extension for WindowsStandalone target not found
Refreshing native plugins compatible for Editor in 2.40 ms, found 3 plugins.
Preloading 0 native plugins for Editor in 0.00 ms.
Mono: successfully reloaded assembly
- Completed reload, in  3.394 seconds
Platform modules already initialized, skipping
Switching build target platform(19) subTarget(0) extendedPlatform(0) -> platform(13) subTarget(537395200) extendedPlatform(0)
Refreshing native plugins compatible for Editor in 2.52 ms, found 3 plugins.
Preloading 0 native plugins for Editor in 0.00 ms.
Unloading 2079 Unused Serialized files (Serialized files now loaded: 0)
System memory in use before: 220.1 MB.
System memory in use after: 220.2 MB.

Unloading 252 unused Assets to reduce memory usage. Loaded Objects now: 2344.
Total: 3.883500 ms (FindLiveObjects: 0.254900 ms CreateObjectMapping: 0.106500 ms MarkObjects: 3.422000 ms  DeleteObjects: 0.098000 ms)

AssetImportParameters requested are different than current active one (requested -> active):
  custom:graphics/normal-map-encoding: 01000000000000000000000000000000 -> 02000000000000000000000000000000
========================================================================
Received Prepare
Registering precompiled user dll's ...
Registered in 0.029366 seconds.
Begin MonoManager ReloadAssembly
Native extension for WindowsStandalone target not found
Refreshing native plugins compatible for Editor in 3.94 ms, found 3 plugins.
Preloading 0 native plugins for Editor in 0.00 ms.
Mono: successfully reloaded assembly
- Completed reload, in  3.004 seconds
Platform modules already initialized, skipping
Switching build target platform(19) subTarget(0) extendedPlatform(0) -> platform(13) subTarget(537395200) extendedPlatform(0)
Refreshing native plugins compatible for Editor in 6.92 ms, found 3 plugins.
Preloading 0 native plugins for Editor in 0.00 ms.
Unloading 2079 Unused Serialized files (Serialized files now loaded: 0)
System memory in use before: 220.1 MB.
System memory in use after: 220.2 MB.

Unloading 252 unused Assets to reduce memory usage. Loaded Objects now: 2346.
Total: 4.889200 ms (FindLiveObjects: 0.700500 ms CreateObjectMapping: 0.189300 ms MarkObjects: 3.902100 ms  DeleteObjects: 0.095500 ms)

AssetImportParameters requested are different than current active one (requested -> active):
  custom:graphics/normal-map-encoding: 01000000000000000000000000000000 -> 02000000000000000000000000000000
========================================================================
Received Prepare
Registering precompiled user dll's ...
Registered in 0.034062 seconds.
Begin MonoManager ReloadAssembly
Native extension for WindowsStandalone target not found
Refreshing native plugins compatible for Editor in 2.79 ms, found 3 plugins.
Preloading 0 native plugins for Editor in 0.00 ms.
Mono: successfully reloaded assembly
- Completed reload, in  1.886 seconds
Platform modules already initialized, skipping
Switching build target platform(19) subTarget(0) extendedPlatform(0) -> platform(13) subTarget(537395200) extendedPlatform(0)
Refreshing native plugins compatible for Editor in 2.25 ms, found 3 plugins.
Preloading 0 native plugins for Editor in 0.00 ms.
Unloading 2079 Unused Serialized files (Serialized files now loaded: 0)
System memory in use before: 220.1 MB.
System memory in use after: 220.2 MB.

Unloading 252 unused Assets to reduce memory usage. Loaded Objects now: 2348.
Total: 2.907800 ms (FindLiveObjects: 0.271500 ms CreateObjectMapping: 0.162800 ms MarkObjects: 2.369200 ms  DeleteObjects: 0.102600 ms)

AssetImportParameters requested are different than current active one (requested -> active):
  custom:graphics/normal-map-encoding: 01000000000000000000000000000000 -> 02000000000000000000000000000000
========================================================================
Received Prepare
Registering precompiled user dll's ...
Registered in 0.033005 seconds.
Begin MonoManager ReloadAssembly
Native extension for WindowsStandalone target not found
Refreshing native plugins compatible for Editor in 4.43 ms, found 3 plugins.
Preloading 0 native plugins for Editor in 0.00 ms.
Mono: successfully reloaded assembly
- Completed reload, in  3.417 seconds
Platform modules already initialized, skipping
Switching build target platform(19) subTarget(0) extendedPlatform(0) -> platform(13) subTarget(537395200) extendedPlatform(0)
Refreshing native plugins compatible for Editor in 8.11 ms, found 3 plugins.
Preloading 0 native plugins for Editor in 0.00 ms.
Unloading 2079 Unused Serialized files (Serialized files now loaded: 0)
System memory in use before: 220.2 MB.
System memory in use after: 220.3 MB.

Unloading 252 unused Assets to reduce memory usage. Loaded Objects now: 2350.
Total: 20.237500 ms (FindLiveObjects: 0.741900 ms CreateObjectMapping: 0.480000 ms MarkObjects: 18.852800 ms  DeleteObjects: 0.160600 ms)

AssetImportParameters requested are different than current active one (requested -> active):
  custom:graphics/normal-map-encoding: 01000000000000000000000000000000 -> 02000000000000000000000000000000
========================================================================
Received Prepare
Registering precompiled user dll's ...
Registered in 0.015211 seconds.
Begin MonoManager ReloadAssembly
Native extension for WindowsStandalone target not found
Refreshing native plugins compatible for Editor in 3.13 ms, found 3 plugins.
Preloading 0 native plugins for Editor in 0.00 ms.
Mono: successfully reloaded assembly
- Completed reload, in  1.864 seconds
Platform modules already initialized, skipping
Switching build target platform(19) subTarget(0) extendedPlatform(0) -> platform(13) subTarget(537395200) extendedPlatform(0)
Refreshing native plugins compatible for Editor in 2.07 ms, found 3 plugins.
Preloading 0 native plugins for Editor in 0.00 ms.
Unloading 2079 Unused Serialized files (Serialized files now loaded: 0)
System memory in use before: 220.2 MB.
System memory in use after: 220.3 MB.

Unloading 252 unused Assets to reduce memory usage. Loaded Objects now: 2352.
Total: 3.888500 ms (FindLiveObjects: 0.364200 ms CreateObjectMapping: 0.139300 ms MarkObjects: 3.247500 ms  DeleteObjects: 0.135800 ms)

AssetImportParameters requested are different than current active one (requested -> active):
  custom:graphics/normal-map-encoding: 01000000000000000000000000000000 -> 02000000000000000000000000000000
========================================================================
Received Prepare
Registering precompiled user dll's ...
Registered in 0.017814 seconds.
Begin MonoManager ReloadAssembly
Native extension for WindowsStandalone target not found
Refreshing native plugins compatible for Editor in 7.36 ms, found 3 plugins.
Preloading 0 native plugins for Editor in 0.00 ms.
Mono: successfully reloaded assembly
- Completed reload, in  3.810 seconds
Platform modules already initialized, skipping
Switching build target platform(19) subTarget(0) extendedPlatform(0) -> platform(13) subTarget(537395200) extendedPlatform(0)
Refreshing native plugins compatible for Editor in 4.01 ms, found 3 plugins.
Preloading 0 native plugins for Editor in 0.00 ms.
Unloading 2079 Unused Serialized files (Serialized files now loaded: 0)
System memory in use before: 220.3 MB.
System memory in use after: 220.4 MB.

Unloading 252 unused Assets to reduce memory usage. Loaded Objects now: 2354.
Total: 6.536300 ms (FindLiveObjects: 0.308700 ms CreateObjectMapping: 0.099800 ms MarkObjects: 5.950400 ms  DeleteObjects: 0.175000 ms)

AssetImportParameters requested are different than current active one (requested -> active):
  custom:graphics/normal-map-encoding: 01000000000000000000000000000000 -> 02000000000000000000000000000000
========================================================================
Received Prepare
Registering precompiled user dll's ...
Registered in 0.024835 seconds.
Begin MonoManager ReloadAssembly
Native extension for WindowsStandalone target not found
Refreshing native plugins compatible for Editor in 3.06 ms, found 3 plugins.
Preloading 0 native plugins for Editor in 0.00 ms.
Mono: successfully reloaded assembly
- Completed reload, in  2.641 seconds
Platform modules already initialized, skipping
Switching build target platform(19) subTarget(0) extendedPlatform(0) -> platform(13) subTarget(537395200) extendedPlatform(0)
Refreshing native plugins compatible for Editor in 3.49 ms, found 3 plugins.
Preloading 0 native plugins for Editor in 0.00 ms.
Unloading 2079 Unused Serialized files (Serialized files now loaded: 0)
System memory in use before: 220.3 MB.
System memory in use after: 220.4 MB.

Unloading 252 unused Assets to reduce memory usage. Loaded Objects now: 2356.
Total: 3.294300 ms (FindLiveObjects: 0.403700 ms CreateObjectMapping: 0.200500 ms MarkObjects: 2.607500 ms  DeleteObjects: 0.080700 ms)

AssetImportParameters requested are different than current active one (requested -> active):
  custom:graphics/normal-map-encoding: 01000000000000000000000000000000 -> 02000000000000000000000000000000
========================================================================
Received Prepare
Registering precompiled user dll's ...
Registered in 0.061226 seconds.
Begin MonoManager ReloadAssembly
Native extension for WindowsStandalone target not found
Refreshing native plugins compatible for Editor in 7.51 ms, found 3 plugins.
Preloading 0 native plugins for Editor in 0.00 ms.
Mono: successfully reloaded assembly
- Completed reload, in  3.916 seconds
Platform modules already initialized, skipping
Switching build target platform(19) subTarget(0) extendedPlatform(0) -> platform(13) subTarget(537395200) extendedPlatform(0)
Refreshing native plugins compatible for Editor in 7.41 ms, found 3 plugins.
Preloading 0 native plugins for Editor in 0.00 ms.
Unloading 2079 Unused Serialized files (Serialized files now loaded: 0)
System memory in use before: 220.4 MB.
System memory in use after: 220.5 MB.

Unloading 252 unused Assets to reduce memory usage. Loaded Objects now: 2358.
Total: 5.682700 ms (FindLiveObjects: 0.790700 ms CreateObjectMapping: 0.523200 ms MarkObjects: 4.144500 ms  DeleteObjects: 0.213900 ms)

AssetImportParameters requested are different than current active one (requested -> active):
  custom:graphics/normal-map-encoding: 01000000000000000000000000000000 -> 02000000000000000000000000000000
========================================================================
Received Prepare
Refreshing native plugins compatible for Editor in 75.26 ms, found 3 plugins.
Preloading 0 native plugins for Editor in 0.00 ms.
Unloading 243 Unused Serialized files (Serialized files now loaded: 0)
System memory in use before: 184.4 MB.
System memory in use after: 184.5 MB.

Unloading 242 unused Assets to reduce memory usage. Loaded Objects now: 2358.
Total: 4.219100 ms (FindLiveObjects: 0.585100 ms CreateObjectMapping: 0.473400 ms MarkObjects: 3.048900 ms  DeleteObjects: 0.108900 ms)

========================================================================
Received Import Request.
  Time since last request: 6444.812246 seconds.
  path: Assets/Plugins/Android/GoogleMobileAdsPlugin.androidlib
  artifactKey: Guid(279cf64911f7443388ceb3738cc6f83b) Importer(815301076,1909f56bfc062723c751e8b465ee728b)
Start importing Assets/Plugins/Android/GoogleMobileAdsPlugin.androidlib using Guid(279cf64911f7443388ceb3738cc6f83b) Importer(815301076,1909f56bfc062723c751e8b465ee728b)  -> (artifact id: 'bb4e591fd4ecfe23ca1b6b0f9e975fb1') in 0.015607 seconds 
========================================================================
Received Import Request.
  Time since last request: 5.822921 seconds.
  path: Assets/Plugins/Android/gradleTemplate.properties
  artifactKey: Guid(ee7df5fa15cbebb43b6abcb68e5be131) Importer(815301076,1909f56bfc062723c751e8b465ee728b)
Start importing Assets/Plugins/Android/gradleTemplate.properties using Guid(ee7df5fa15cbebb43b6abcb68e5be131) Importer(815301076,1909f56bfc062723c751e8b465ee728b)  -> (artifact id: 'e15683bef5d9528b049c05e6011a163d') in 0.092823 seconds 
========================================================================
Received Import Request.
  Time since last request: 0.631522 seconds.
  path: Assets/Plugins/Android/gradleTemplate.properties.backup
  artifactKey: Guid(2bf5bd4401eb52a43875d579b2049b32) Importer(815301076,1909f56bfc062723c751e8b465ee728b)
Start importing Assets/Plugins/Android/gradleTemplate.properties.backup using Guid(2bf5bd4401eb52a43875d579b2049b32) Importer(815301076,1909f56bfc062723c751e8b465ee728b)  -> (artifact id: 'c2671665c50e2f713d5ee2940731f607') in 0.023648 seconds 
========================================================================
Received Import Request.
  Time since last request: 1.075356 seconds.
  path: Assets/Plugins/Android/mainTemplate.gradle
  artifactKey: Guid(e2efc313ed2915a4c900fd42db7e5f56) Importer(815301076,1909f56bfc062723c751e8b465ee728b)
Start importing Assets/Plugins/Android/mainTemplate.gradle using Guid(e2efc313ed2915a4c900fd42db7e5f56) Importer(815301076,1909f56bfc062723c751e8b465ee728b)  -> (artifact id: '31ac8d83db9ffdf8685d40594e62b5cb') in 0.007134 seconds 
========================================================================
Received Import Request.
  Time since last request: 0.455645 seconds.
  path: Assets/Plugins/Android/proguard-user.txt.DISABLED
  artifactKey: Guid(7738940703dd01549b6786782e15e244) Importer(815301076,1909f56bfc062723c751e8b465ee728b)
Start importing Assets/Plugins/Android/proguard-user.txt.DISABLED using Guid(7738940703dd01549b6786782e15e244) Importer(815301076,1909f56bfc062723c751e8b465ee728b)  -> (artifact id: '574da8d24f268f7ee7e16841bdec9a96') in 0.016836 seconds 
========================================================================
Received Import Request.
  Time since last request: 37.835261 seconds.
  path: Assets/GoogleMobileAds/Resources/GoogleMobileAdsSettings.asset
  artifactKey: Guid(336860ed0ee4b4946a4ea1be8d5154fc) Importer(815301076,1909f56bfc062723c751e8b465ee728b)
Start importing Assets/GoogleMobileAds/Resources/GoogleMobileAdsSettings.asset using Guid(336860ed0ee4b4946a4ea1be8d5154fc) Importer(815301076,1909f56bfc062723c751e8b465ee728b)  -> (artifact id: 'db609fda14d9223bf87ed2664202140d') in 0.009610 seconds 
========================================================================
Received Prepare
Registering precompiled user dll's ...
Registered in 0.032382 seconds.
Begin MonoManager ReloadAssembly
Native extension for WindowsStandalone target not found
Refreshing native plugins compatible for Editor in 2.84 ms, found 3 plugins.
Preloading 0 native plugins for Editor in 0.00 ms.
Mono: successfully reloaded assembly
- Completed reload, in  1.938 seconds
Platform modules already initialized, skipping
Switching build target platform(19) subTarget(0) extendedPlatform(0) -> platform(13) subTarget(537395200) extendedPlatform(0)
Refreshing native plugins compatible for Editor in 4.08 ms, found 3 plugins.
Preloading 0 native plugins for Editor in 0.00 ms.
Unloading 2079 Unused Serialized files (Serialized files now loaded: 0)
System memory in use before: 220.7 MB.
System memory in use after: 220.8 MB.

Unloading 252 unused Assets to reduce memory usage. Loaded Objects now: 2360.
Total: 3.899500 ms (FindLiveObjects: 0.622100 ms CreateObjectMapping: 0.497300 ms MarkObjects: 2.630000 ms  DeleteObjects: 0.147500 ms)

AssetImportParameters requested are different than current active one (requested -> active):
  custom:graphics/normal-map-encoding: 01000000000000000000000000000000 -> 02000000000000000000000000000000
========================================================================
Received Prepare
Refreshing native plugins compatible for Editor in 249.68 ms, found 3 plugins.
Preloading 0 native plugins for Editor in 0.00 ms.
Unloading 243 Unused Serialized files (Serialized files now loaded: 0)
System memory in use before: 184.7 MB.
System memory in use after: 184.8 MB.

Unloading 242 unused Assets to reduce memory usage. Loaded Objects now: 2360.
Total: 4.874600 ms (FindLiveObjects: 0.303500 ms CreateObjectMapping: 0.186100 ms MarkObjects: 4.308300 ms  DeleteObjects: 0.073900 ms)

========================================================================
Received Prepare
Refreshing native plugins compatible for Editor in 64.29 ms, found 3 plugins.
Preloading 0 native plugins for Editor in 0.00 ms.
Unloading 243 Unused Serialized files (Serialized files now loaded: 0)
System memory in use before: 184.8 MB.
System memory in use after: 184.9 MB.

Unloading 242 unused Assets to reduce memory usage. Loaded Objects now: 2360.
Total: 3.363500 ms (FindLiveObjects: 0.345000 ms CreateObjectMapping: 0.260500 ms MarkObjects: 2.680000 ms  DeleteObjects: 0.075400 ms)

========================================================================
Received Prepare
Refreshing native plugins compatible for Editor in 88.78 ms, found 3 plugins.
Preloading 0 native plugins for Editor in 0.00 ms.
Unloading 243 Unused Serialized files (Serialized files now loaded: 0)
System memory in use before: 185.0 MB.
System memory in use after: 185.1 MB.

Unloading 242 unused Assets to reduce memory usage. Loaded Objects now: 2360.
Total: 3.746300 ms (FindLiveObjects: 0.288700 ms CreateObjectMapping: 0.153400 ms MarkObjects: 3.228300 ms  DeleteObjects: 0.074000 ms)

========================================================================
Received Prepare
Refreshing native plugins compatible for Editor in 102.00 ms, found 3 plugins.
Preloading 0 native plugins for Editor in 0.00 ms.
Unloading 243 Unused Serialized files (Serialized files now loaded: 0)
System memory in use before: 185.2 MB.
System memory in use after: 185.3 MB.

Unloading 242 unused Assets to reduce memory usage. Loaded Objects now: 2360.
Total: 3.225700 ms (FindLiveObjects: 0.254900 ms CreateObjectMapping: 0.115100 ms MarkObjects: 2.759400 ms  DeleteObjects: 0.090600 ms)

========================================================================
Received Prepare
Registering precompiled user dll's ...
Registered in 0.077275 seconds.
Begin MonoManager ReloadAssembly
Native extension for WindowsStandalone target not found
Refreshing native plugins compatible for Editor in 2.16 ms, found 3 plugins.
Preloading 0 native plugins for Editor in 0.00 ms.
Mono: successfully reloaded assembly
- Completed reload, in  1.986 seconds
Platform modules already initialized, skipping
Switching build target platform(19) subTarget(0) extendedPlatform(0) -> platform(13) subTarget(537395200) extendedPlatform(0)
Refreshing native plugins compatible for Editor in 4.23 ms, found 3 plugins.
Preloading 0 native plugins for Editor in 0.00 ms.
Unloading 2079 Unused Serialized files (Serialized files now loaded: 0)
System memory in use before: 221.4 MB.
System memory in use after: 221.5 MB.

Unloading 252 unused Assets to reduce memory usage. Loaded Objects now: 2362.
Total: 3.085700 ms (FindLiveObjects: 0.257100 ms CreateObjectMapping: 0.139600 ms MarkObjects: 2.588200 ms  DeleteObjects: 0.099100 ms)

AssetImportParameters requested are different than current active one (requested -> active):
  custom:graphics/normal-map-encoding: 01000000000000000000000000000000 -> 02000000000000000000000000000000
========================================================================
Received Prepare
Registering precompiled user dll's ...
Registered in 0.680885 seconds.
Begin MonoManager ReloadAssembly
Native extension for WindowsStandalone target not found
Refreshing native plugins compatible for Editor in 3.66 ms, found 3 plugins.
Preloading 0 native plugins for Editor in 0.00 ms.
Mono: successfully reloaded assembly
- Completed reload, in  2.919 seconds
Platform modules already initialized, skipping
Switching build target platform(19) subTarget(0) extendedPlatform(0) -> platform(13) subTarget(537395200) extendedPlatform(0)
Refreshing native plugins compatible for Editor in 2.08 ms, found 3 plugins.
Preloading 0 native plugins for Editor in 0.00 ms.
Unloading 2079 Unused Serialized files (Serialized files now loaded: 0)
System memory in use before: 221.4 MB.
System memory in use after: 221.5 MB.

Unloading 252 unused Assets to reduce memory usage. Loaded Objects now: 2364.
Total: 4.610000 ms (FindLiveObjects: 0.407400 ms CreateObjectMapping: 0.247000 ms MarkObjects: 3.856200 ms  DeleteObjects: 0.096900 ms)

AssetImportParameters requested are different than current active one (requested -> active):
  custom:graphics/normal-map-encoding: 01000000000000000000000000000000 -> 02000000000000000000000000000000
========================================================================
Received Prepare
Refreshing native plugins compatible for Editor in 113.47 ms, found 3 plugins.
Preloading 0 native plugins for Editor in 0.00 ms.
Unloading 243 Unused Serialized files (Serialized files now loaded: 0)
System memory in use before: 185.3 MB.
System memory in use after: 185.4 MB.

Unloading 242 unused Assets to reduce memory usage. Loaded Objects now: 2364.
Total: 5.726400 ms (FindLiveObjects: 0.393900 ms CreateObjectMapping: 0.205800 ms MarkObjects: 5.010500 ms  DeleteObjects: 0.114000 ms)

========================================================================
Received Prepare
Refreshing native plugins compatible for Editor in 75.31 ms, found 3 plugins.
Preloading 0 native plugins for Editor in 0.00 ms.
Unloading 243 Unused Serialized files (Serialized files now loaded: 0)
System memory in use before: 184.6 MB.
System memory in use after: 184.7 MB.

Unloading 242 unused Assets to reduce memory usage. Loaded Objects now: 2364.
Total: 4.422400 ms (FindLiveObjects: 0.336600 ms CreateObjectMapping: 0.170400 ms MarkObjects: 3.789800 ms  DeleteObjects: 0.122800 ms)

========================================================================
Received Prepare
Registering precompiled user dll's ...
Registered in 0.030376 seconds.
Begin MonoManager ReloadAssembly
Native extension for WindowsStandalone target not found
Refreshing native plugins compatible for Editor in 3.24 ms, found 3 plugins.
Preloading 0 native plugins for Editor in 0.00 ms.
Mono: successfully reloaded assembly
- Completed reload, in  2.388 seconds
Platform modules already initialized, skipping
Switching build target platform(19) subTarget(0) extendedPlatform(0) -> platform(13) subTarget(537395200) extendedPlatform(0)
Refreshing native plugins compatible for Editor in 2.44 ms, found 3 plugins.
Preloading 0 native plugins for Editor in 0.00 ms.
Unloading 2079 Unused Serialized files (Serialized files now loaded: 0)
System memory in use before: 220.8 MB.
System memory in use after: 220.9 MB.

Unloading 252 unused Assets to reduce memory usage. Loaded Objects now: 2366.
Total: 5.978000 ms (FindLiveObjects: 2.037400 ms CreateObjectMapping: 0.251500 ms MarkObjects: 3.595600 ms  DeleteObjects: 0.091300 ms)

AssetImportParameters requested are different than current active one (requested -> active):
  custom:graphics/normal-map-encoding: 01000000000000000000000000000000 -> 02000000000000000000000000000000
========================================================================
Received Prepare
Registering precompiled user dll's ...
Registered in 0.018907 seconds.
Begin MonoManager ReloadAssembly
Native extension for WindowsStandalone target not found
Refreshing native plugins compatible for Editor in 3.99 ms, found 3 plugins.
Preloading 0 native plugins for Editor in 0.00 ms.
Mono: successfully reloaded assembly
- Completed reload, in  3.431 seconds
Platform modules already initialized, skipping
Switching build target platform(19) subTarget(0) extendedPlatform(0) -> platform(13) subTarget(537395200) extendedPlatform(0)
Refreshing native plugins compatible for Editor in 2.73 ms, found 3 plugins.
Preloading 0 native plugins for Editor in 0.00 ms.
Unloading 2079 Unused Serialized files (Serialized files now loaded: 0)
System memory in use before: 220.9 MB.
System memory in use after: 221.0 MB.

Unloading 252 unused Assets to reduce memory usage. Loaded Objects now: 2368.
Total: 3.680000 ms (FindLiveObjects: 0.266400 ms CreateObjectMapping: 0.105000 ms MarkObjects: 2.357700 ms  DeleteObjects: 0.070900 ms)

AssetImportParameters requested are different than current active one (requested -> active):
  custom:graphics/normal-map-encoding: 01000000000000000000000000000000 -> 02000000000000000000000000000000
========================================================================
Received Prepare
Refreshing native plugins compatible for Editor in 253.13 ms, found 3 plugins.
Preloading 0 native plugins for Editor in 0.00 ms.
Unloading 243 Unused Serialized files (Serialized files now loaded: 0)
System memory in use before: 184.9 MB.
System memory in use after: 185.0 MB.

Unloading 242 unused Assets to reduce memory usage. Loaded Objects now: 2368.
Total: 6.265500 ms (FindLiveObjects: 0.263500 ms CreateObjectMapping: 0.132900 ms MarkObjects: 5.772700 ms  DeleteObjects: 0.093500 ms)

========================================================================
Received Prepare
Registering precompiled user dll's ...
Registered in 0.052748 seconds.
Begin MonoManager ReloadAssembly
Native extension for WindowsStandalone target not found
Refreshing native plugins compatible for Editor in 2.86 ms, found 3 plugins.
Preloading 0 native plugins for Editor in 0.00 ms.
Mono: successfully reloaded assembly
- Completed reload, in  2.471 seconds
Platform modules already initialized, skipping
Switching build target platform(19) subTarget(0) extendedPlatform(0) -> platform(13) subTarget(537395200) extendedPlatform(0)
Refreshing native plugins compatible for Editor in 2.47 ms, found 3 plugins.
Preloading 0 native plugins for Editor in 0.00 ms.
Unloading 2079 Unused Serialized files (Serialized files now loaded: 0)
System memory in use before: 221.1 MB.
System memory in use after: 221.2 MB.

Unloading 252 unused Assets to reduce memory usage. Loaded Objects now: 2370.
Total: 4.070200 ms (FindLiveObjects: 0.616200 ms CreateObjectMapping: 0.474100 ms MarkObjects: 2.902100 ms  DeleteObjects: 0.075800 ms)

AssetImportParameters requested are different than current active one (requested -> active):
  custom:graphics/normal-map-encoding: 01000000000000000000000000000000 -> 02000000000000000000000000000000
========================================================================
Received Prepare
Refreshing native plugins compatible for Editor in 76.34 ms, found 3 plugins.
Preloading 0 native plugins for Editor in 0.00 ms.
Unloading 243 Unused Serialized files (Serialized files now loaded: 0)
System memory in use before: 185.1 MB.
System memory in use after: 185.2 MB.

Unloading 242 unused Assets to reduce memory usage. Loaded Objects now: 2370.
Total: 4.419800 ms (FindLiveObjects: 1.430900 ms CreateObjectMapping: 0.203600 ms MarkObjects: 2.711600 ms  DeleteObjects: 0.071400 ms)

========================================================================
Received Prepare
Refreshing native plugins compatible for Editor in 111.91 ms, found 3 plugins.
Preloading 0 native plugins for Editor in 0.00 ms.
Unloading 243 Unused Serialized files (Serialized files now loaded: 0)
System memory in use before: 185.3 MB.
System memory in use after: 185.4 MB.

Unloading 242 unused Assets to reduce memory usage. Loaded Objects now: 2370.
Total: 5.751800 ms (FindLiveObjects: 0.683100 ms CreateObjectMapping: 0.523600 ms MarkObjects: 4.429600 ms  DeleteObjects: 0.111700 ms)

========================================================================
Received Prepare
Registering precompiled user dll's ...
Registered in 0.032926 seconds.
Begin MonoManager ReloadAssembly
Native extension for WindowsStandalone target not found
Refreshing native plugins compatible for Editor in 2.18 ms, found 3 plugins.
Preloading 0 native plugins for Editor in 0.00 ms.
Mono: successfully reloaded assembly
- Completed reload, in  1.710 seconds
Platform modules already initialized, skipping
Switching build target platform(19) subTarget(0) extendedPlatform(0) -> platform(13) subTarget(537395200) extendedPlatform(0)
Refreshing native plugins compatible for Editor in 2.40 ms, found 3 plugins.
Preloading 0 native plugins for Editor in 0.00 ms.
Unloading 2079 Unused Serialized files (Serialized files now loaded: 0)
System memory in use before: 221.5 MB.
System memory in use after: 221.6 MB.

Unloading 252 unused Assets to reduce memory usage. Loaded Objects now: 2372.
Total: 3.534900 ms (FindLiveObjects: 0.290100 ms CreateObjectMapping: 0.342500 ms MarkObjects: 2.816200 ms  DeleteObjects: 0.083600 ms)

AssetImportParameters requested are different than current active one (requested -> active):
  custom:graphics/normal-map-encoding: 01000000000000000000000000000000 -> 02000000000000000000000000000000
========================================================================
Received Prepare
Refreshing native plugins compatible for Editor in 61.68 ms, found 3 plugins.
Preloading 0 native plugins for Editor in 0.00 ms.
Unloading 243 Unused Serialized files (Serialized files now loaded: 0)
System memory in use before: 184.5 MB.
System memory in use after: 184.6 MB.

Unloading 242 unused Assets to reduce memory usage. Loaded Objects now: 2372.
Total: 2.860800 ms (FindLiveObjects: 0.350500 ms CreateObjectMapping: 0.162700 ms MarkObjects: 2.265700 ms  DeleteObjects: 0.079500 ms)

========================================================================
Received Prepare
Registering precompiled user dll's ...
Registered in 0.054833 seconds.
Begin MonoManager ReloadAssembly
Native extension for WindowsStandalone target not found
Refreshing native plugins compatible for Editor in 3.22 ms, found 3 plugins.
Preloading 0 native plugins for Editor in 0.00 ms.
Mono: successfully reloaded assembly
- Completed reload, in  2.559 seconds
Platform modules already initialized, skipping
Switching build target platform(19) subTarget(0) extendedPlatform(0) -> platform(13) subTarget(537395200) extendedPlatform(0)
Refreshing native plugins compatible for Editor in 8.54 ms, found 3 plugins.
Preloading 0 native plugins for Editor in 0.00 ms.
Unloading 2079 Unused Serialized files (Serialized files now loaded: 0)
System memory in use before: 220.7 MB.
System memory in use after: 220.8 MB.

Unloading 252 unused Assets to reduce memory usage. Loaded Objects now: 2374.
Total: 4.717300 ms (FindLiveObjects: 0.338100 ms CreateObjectMapping: 0.171400 ms MarkObjects: 4.004000 ms  DeleteObjects: 0.201500 ms)

AssetImportParameters requested are different than current active one (requested -> active):
  custom:graphics/normal-map-encoding: 01000000000000000000000000000000 -> 02000000000000000000000000000000
========================================================================
Received Prepare
Refreshing native plugins compatible for Editor in 94.38 ms, found 3 plugins.
Preloading 0 native plugins for Editor in 0.00 ms.
Unloading 243 Unused Serialized files (Serialized files now loaded: 0)
System memory in use before: 184.7 MB.
System memory in use after: 184.8 MB.

Unloading 242 unused Assets to reduce memory usage. Loaded Objects now: 2374.
Total: 3.384800 ms (FindLiveObjects: 0.442900 ms CreateObjectMapping: 0.207900 ms MarkObjects: 2.655900 ms  DeleteObjects: 0.076000 ms)

========================================================================
Received Prepare
Refreshing native plugins compatible for Editor in 244.92 ms, found 3 plugins.
Preloading 0 native plugins for Editor in 0.00 ms.
Unloading 243 Unused Serialized files (Serialized files now loaded: 0)
System memory in use before: 184.9 MB.
System memory in use after: 185.0 MB.

Unloading 242 unused Assets to reduce memory usage. Loaded Objects now: 2374.
Total: 3.233100 ms (FindLiveObjects: 0.300200 ms CreateObjectMapping: 0.163800 ms MarkObjects: 2.693400 ms  DeleteObjects: 0.073700 ms)

========================================================================
Received Prepare
Registering precompiled user dll's ...
Registered in 0.053163 seconds.
Begin MonoManager ReloadAssembly
Native extension for WindowsStandalone target not found
Refreshing native plugins compatible for Editor in 2.25 ms, found 3 plugins.
Preloading 0 native plugins for Editor in 0.00 ms.
Mono: successfully reloaded assembly
- Completed reload, in  1.913 seconds
Platform modules already initialized, skipping
Switching build target platform(19) subTarget(0) extendedPlatform(0) -> platform(13) subTarget(537395200) extendedPlatform(0)
Refreshing native plugins compatible for Editor in 2.13 ms, found 3 plugins.
Preloading 0 native plugins for Editor in 0.00 ms.
Unloading 2079 Unused Serialized files (Serialized files now loaded: 0)
System memory in use before: 221.1 MB.
System memory in use after: 221.2 MB.

Unloading 252 unused Assets to reduce memory usage. Loaded Objects now: 2376.
Total: 3.958800 ms (FindLiveObjects: 0.357400 ms CreateObjectMapping: 0.197700 ms MarkObjects: 3.305000 ms  DeleteObjects: 0.096800 ms)

AssetImportParameters requested are different than current active one (requested -> active):
  custom:graphics/normal-map-encoding: 01000000000000000000000000000000 -> 02000000000000000000000000000000
========================================================================
Received Prepare
Refreshing native plugins compatible for Editor in 74.19 ms, found 3 plugins.
Preloading 0 native plugins for Editor in 0.00 ms.
Unloading 243 Unused Serialized files (Serialized files now loaded: 0)
System memory in use before: 185.1 MB.
System memory in use after: 185.2 MB.

Unloading 242 unused Assets to reduce memory usage. Loaded Objects now: 2376.
Total: 3.233500 ms (FindLiveObjects: 0.232300 ms CreateObjectMapping: 0.123800 ms MarkObjects: 2.800600 ms  DeleteObjects: 0.072600 ms)

========================================================================
Received Prepare
Registering precompiled user dll's ...
Registered in 0.031231 seconds.
Begin MonoManager ReloadAssembly
Native extension for WindowsStandalone target not found
Refreshing native plugins compatible for Editor in 2.77 ms, found 3 plugins.
Preloading 0 native plugins for Editor in 0.00 ms.
Mono: successfully reloaded assembly
- Completed reload, in  3.383 seconds
Platform modules already initialized, skipping
Switching build target platform(19) subTarget(0) extendedPlatform(0) -> platform(13) subTarget(537395200) extendedPlatform(0)
Refreshing native plugins compatible for Editor in 11.80 ms, found 3 plugins.
Preloading 0 native plugins for Editor in 0.00 ms.
Unloading 2079 Unused Serialized files (Serialized files now loaded: 0)
System memory in use before: 221.3 MB.
System memory in use after: 221.4 MB.

Unloading 252 unused Assets to reduce memory usage. Loaded Objects now: 2378.
Total: 14.472800 ms (FindLiveObjects: 2.309300 ms CreateObjectMapping: 0.205400 ms MarkObjects: 11.733200 ms  DeleteObjects: 0.220700 ms)

AssetImportParameters requested are different than current active one (requested -> active):
  custom:graphics/normal-map-encoding: 01000000000000000000000000000000 -> 02000000000000000000000000000000
========================================================================
Received Prepare
Refreshing native plugins compatible for Editor in 68.28 ms, found 3 plugins.
Preloading 0 native plugins for Editor in 0.00 ms.
Unloading 243 Unused Serialized files (Serialized files now loaded: 0)
System memory in use before: 185.3 MB.
System memory in use after: 185.4 MB.

Unloading 242 unused Assets to reduce memory usage. Loaded Objects now: 2378.
Total: 3.802500 ms (FindLiveObjects: 0.371200 ms CreateObjectMapping: 0.237200 ms MarkObjects: 2.973400 ms  DeleteObjects: 0.218800 ms)

========================================================================
Received Prepare
Registering precompiled user dll's ...
Registered in 0.034576 seconds.
Begin MonoManager ReloadAssembly
Native extension for WindowsStandalone target not found
Refreshing native plugins compatible for Editor in 2.35 ms, found 3 plugins.
Preloading 0 native plugins for Editor in 0.00 ms.
Mono: successfully reloaded assembly
- Completed reload, in  2.829 seconds
Platform modules already initialized, skipping
Switching build target platform(19) subTarget(0) extendedPlatform(0) -> platform(13) subTarget(537395200) extendedPlatform(0)
Refreshing native plugins compatible for Editor in 2.20 ms, found 3 plugins.
Preloading 0 native plugins for Editor in 0.00 ms.
Unloading 2079 Unused Serialized files (Serialized files now loaded: 0)
System memory in use before: 220.5 MB.
System memory in use after: 220.6 MB.

Unloading 252 unused Assets to reduce memory usage. Loaded Objects now: 2380.
Total: 4.858600 ms (FindLiveObjects: 0.401900 ms CreateObjectMapping: 0.192900 ms MarkObjects: 4.183400 ms  DeleteObjects: 0.078100 ms)

AssetImportParameters requested are different than current active one (requested -> active):
  custom:graphics/normal-map-encoding: 01000000000000000000000000000000 -> 02000000000000000000000000000000
========================================================================
Received Prepare
Refreshing native plugins compatible for Editor in 76.82 ms, found 3 plugins.
Preloading 0 native plugins for Editor in 0.00 ms.
Unloading 243 Unused Serialized files (Serialized files now loaded: 0)
System memory in use before: 184.6 MB.
System memory in use after: 184.7 MB.

Unloading 242 unused Assets to reduce memory usage. Loaded Objects now: 2380.
Total: 3.932700 ms (FindLiveObjects: 0.218800 ms CreateObjectMapping: 0.117400 ms MarkObjects: 3.475500 ms  DeleteObjects: 0.119200 ms)

========================================================================
Received Prepare
Registering precompiled user dll's ...
Registered in 0.042231 seconds.
Begin MonoManager ReloadAssembly
Native extension for WindowsStandalone target not found
Refreshing native plugins compatible for Editor in 3.44 ms, found 3 plugins.
Preloading 0 native plugins for Editor in 0.00 ms.
Mono: successfully reloaded assembly
- Completed reload, in  2.164 seconds
Platform modules already initialized, skipping
Switching build target platform(19) subTarget(0) extendedPlatform(0) -> platform(13) subTarget(537395200) extendedPlatform(0)
Refreshing native plugins compatible for Editor in 8.07 ms, found 3 plugins.
Preloading 0 native plugins for Editor in 0.00 ms.
Unloading 2079 Unused Serialized files (Serialized files now loaded: 0)
System memory in use before: 220.8 MB.
System memory in use after: 220.9 MB.

Unloading 252 unused Assets to reduce memory usage. Loaded Objects now: 2382.
Total: 8.316300 ms (FindLiveObjects: 0.321800 ms CreateObjectMapping: 0.210500 ms MarkObjects: 7.588400 ms  DeleteObjects: 0.192600 ms)

AssetImportParameters requested are different than current active one (requested -> active):
  custom:graphics/normal-map-encoding: 01000000000000000000000000000000 -> 02000000000000000000000000000000
========================================================================
Received Prepare
Refreshing native plugins compatible for Editor in 121.97 ms, found 3 plugins.
Preloading 0 native plugins for Editor in 0.00 ms.
Unloading 243 Unused Serialized files (Serialized files now loaded: 0)
System memory in use before: 184.8 MB.
System memory in use after: 184.9 MB.

Unloading 242 unused Assets to reduce memory usage. Loaded Objects now: 2382.
Total: 5.154200 ms (FindLiveObjects: 0.411900 ms CreateObjectMapping: 0.195100 ms MarkObjects: 4.432000 ms  DeleteObjects: 0.111900 ms)

========================================================================
Received Prepare
Registering precompiled user dll's ...
Registered in 0.213982 seconds.
Begin MonoManager ReloadAssembly
Native extension for WindowsStandalone target not found
Refreshing native plugins compatible for Editor in 2.20 ms, found 3 plugins.
Preloading 0 native plugins for Editor in 0.00 ms.
Mono: successfully reloaded assembly
- Completed reload, in  3.706 seconds
Platform modules already initialized, skipping
Switching build target platform(19) subTarget(0) extendedPlatform(0) -> platform(13) subTarget(537395200) extendedPlatform(0)
Refreshing native plugins compatible for Editor in 8.29 ms, found 3 plugins.
Preloading 0 native plugins for Editor in 0.00 ms.
Unloading 2079 Unused Serialized files (Serialized files now loaded: 0)
System memory in use before: 221.0 MB.
System memory in use after: 221.1 MB.

Unloading 252 unused Assets to reduce memory usage. Loaded Objects now: 2384.
Total: 7.144700 ms (FindLiveObjects: 0.419400 ms CreateObjectMapping: 0.352900 ms MarkObjects: 3.308700 ms  DeleteObjects: 3.061700 ms)

AssetImportParameters requested are different than current active one (requested -> active):
  custom:graphics/normal-map-encoding: 01000000000000000000000000000000 -> 02000000000000000000000000000000
========================================================================
Received Prepare
Registering precompiled user dll's ...
Registered in 0.027625 seconds.
Begin MonoManager ReloadAssembly
Native extension for WindowsStandalone target not found
Refreshing native plugins compatible for Editor in 3.21 ms, found 3 plugins.
Preloading 0 native plugins for Editor in 0.00 ms.
Mono: successfully reloaded assembly
- Completed reload, in  8.769 seconds
Platform modules already initialized, skipping
Switching build target platform(19) subTarget(0) extendedPlatform(0) -> platform(13) subTarget(537395200) extendedPlatform(0)
Refreshing native plugins compatible for Editor in 2.42 ms, found 3 plugins.
Preloading 0 native plugins for Editor in 0.00 ms.
Unloading 2079 Unused Serialized files (Serialized files now loaded: 0)
System memory in use before: 221.0 MB.
System memory in use after: 221.1 MB.

Unloading 252 unused Assets to reduce memory usage. Loaded Objects now: 2386.
Total: 6.188500 ms (FindLiveObjects: 0.449600 ms CreateObjectMapping: 0.256100 ms MarkObjects: 5.396100 ms  DeleteObjects: 0.083900 ms)

AssetImportParameters requested are different than current active one (requested -> active):
  custom:graphics/normal-map-encoding: 01000000000000000000000000000000 -> 02000000000000000000000000000000
========================================================================
Received Prepare
Refreshing native plugins compatible for Editor in 114.61 ms, found 3 plugins.
Preloading 0 native plugins for Editor in 0.00 ms.
Unloading 243 Unused Serialized files (Serialized files now loaded: 0)
System memory in use before: 185.0 MB.
System memory in use after: 185.2 MB.

Unloading 242 unused Assets to reduce memory usage. Loaded Objects now: 2386.
Total: 4.255500 ms (FindLiveObjects: 0.348400 ms CreateObjectMapping: 0.131800 ms MarkObjects: 3.655100 ms  DeleteObjects: 0.116300 ms)

