Using pre-set license
Built from '2021.1/staging' branch; Version is '2021.1.0b1 (9f7c487dd2da) revision 10452040'; Using compiler version '192528614'; Build Type 'Release'
OS: 'Windows 10 Enterprise; OS build 19041.746; Version 2004; 64bit' Language: 'en' Physical Memory: 8016 MB
BatchMode: 1, IsHumanControllingUs: 0, StartBugReporterOnCrash: 0, Is64bit: 1, IsPro: 0

 COMMAND LINE ARGUMENTS:
C:\Program Files\Unity\Hub\Editor\2021.1.0b1\Editor\Unity.exe
-adb2
-batchMode
-noUpm
-name
AssetImportWorker0
-projectPath
C:/Users/PapillonV/Desktop/Unity Projects/Mind Blow
-logFile
Logs/AssetImportWorker0.log
-srvPort
52746
Successfully changed project path to: C:/Users/PapillonV/Desktop/Unity Projects/Mind Blow
C:/Users/PapillonV/Desktop/Unity Projects/Mind Blow
Using Asset Import Pipeline V2.
Refreshing native plugins compatible for Editor in 121.90 ms, found 3 plugins.
Preloading 0 native plugins for Editor in 0.00 ms.
Initialize engine version: 2021.1.0b1 (9f7c487dd2da)
[Subsystems] Discovering subsystems at path C:/Program Files/Unity/Hub/Editor/2021.1.0b1/Editor/Data/Resources/UnitySubsystems
[Subsystems] Discovering subsystems at path C:/Users/PapillonV/Desktop/Unity Projects/Mind Blow/Assets
GfxDevice: creating device client; threaded=0; jobified=0
Direct3D:
    Version:  Direct3D 11.0 [level 11.1]
    Renderer: AMD Radeon R7 M440 (ID=0x6900)
    Vendor:   ATI
    VRAM:     2038 MB
    Driver:   27.20.14501.28009
Initialize mono
Mono path[0] = 'C:/Program Files/Unity/Hub/Editor/2021.1.0b1/Editor/Data/Managed'
Mono path[1] = 'C:/Program Files/Unity/Hub/Editor/2021.1.0b1/Editor/Data/MonoBleedingEdge/lib/mono/unityjit'
Mono config path = 'C:/Program Files/Unity/Hub/Editor/2021.1.0b1/Editor/Data/MonoBleedingEdge/etc'
Using monoOptions --debugger-agent=transport=dt_socket,embedding=1,server=y,suspend=n,address=127.0.0.1:56796
Begin MonoManager ReloadAssembly
Registering precompiled unity dll's ...
Register platform support module: C:/Program Files/Unity/Hub/Editor/2021.1.0b1/Editor/Data/PlaybackEngines/WindowsStandaloneSupport/UnityEditor.WindowsStandalone.Extensions.dll
Registered in 0.008280 seconds.
Native extension for WindowsStandalone target not found
Refreshing native plugins compatible for Editor in 59.48 ms, found 3 plugins.
Preloading 0 native plugins for Editor in 0.00 ms.
Mono: successfully reloaded assembly
- Completed reload, in 11.872 seconds
Platform modules already initialized, skipping
Registering precompiled user dll's ...
Registered in 0.066074 seconds.
Begin MonoManager ReloadAssembly
Native extension for WindowsStandalone target not found
Refreshing native plugins compatible for Editor in 2.03 ms, found 3 plugins.
Preloading 0 native plugins for Editor in 0.00 ms.
Mono: successfully reloaded assembly
- Completed reload, in  1.504 seconds
Platform modules already initialized, skipping
========================================================================
Worker process is ready to serve import requests
Launched and connected shader compiler UnityShaderCompiler.exe after 0.09 seconds
Refreshing native plugins compatible for Editor in 2.14 ms, found 3 plugins.
Preloading 0 native plugins for Editor in 0.00 ms.
Unloading 2086 Unused Serialized files (Serialized files now loaded: 0)
System memory in use before: 220.2 MB.
System memory in use after: 220.3 MB.

Unloading 248 unused Assets to reduce memory usage. Loaded Objects now: 2328.
Total: 2.506600 ms (FindLiveObjects: 0.265000 ms CreateObjectMapping: 0.191700 ms MarkObjects: 1.921300 ms  DeleteObjects: 0.127500 ms)

========================================================================
Received Import Request.
  path: Assets/Plugins/Android/mainTemplate.gradle
  artifactKey: Guid(e2efc313ed2915a4c900fd42db7e5f56) Importer(815301076,1909f56bfc062723c751e8b465ee728b)
Start importing Assets/Plugins/Android/mainTemplate.gradle using Guid(e2efc313ed2915a4c900fd42db7e5f56) Importer(815301076,1909f56bfc062723c751e8b465ee728b)  -> (artifact id: '6a7b9e8287ea6eedfe7c3fd9a2767059') in 0.048924 seconds 
========================================================================
Received Import Request.
  Time since last request: 40.314993 seconds.
  path: Assets/Plugins/Android/mainTemplate.gradle
  artifactKey: Guid(e2efc313ed2915a4c900fd42db7e5f56) Importer(815301076,1909f56bfc062723c751e8b465ee728b)
Start importing Assets/Plugins/Android/mainTemplate.gradle using Guid(e2efc313ed2915a4c900fd42db7e5f56) Importer(815301076,1909f56bfc062723c751e8b465ee728b)  -> (artifact id: '956468e9d97c08e85a437675b992d0be') in 0.003544 seconds 
========================================================================
Received Prepare
Refreshing native plugins compatible for Editor in 60.50 ms, found 3 plugins.
Preloading 0 native plugins for Editor in 0.00 ms.
Unloading 242 Unused Serialized files (Serialized files now loaded: 0)
System memory in use before: 182.9 MB.
System memory in use after: 183.0 MB.

Unloading 241 unused Assets to reduce memory usage. Loaded Objects now: 2328.
Total: 3.037200 ms (FindLiveObjects: 0.215000 ms CreateObjectMapping: 0.112800 ms MarkObjects: 2.627300 ms  DeleteObjects: 0.080700 ms)

========================================================================
Received Prepare
Refreshing native plugins compatible for Editor in 80.24 ms, found 3 plugins.
Preloading 0 native plugins for Editor in 0.00 ms.
Unloading 242 Unused Serialized files (Serialized files now loaded: 0)
System memory in use before: 183.0 MB.
System memory in use after: 183.1 MB.

Unloading 241 unused Assets to reduce memory usage. Loaded Objects now: 2328.
Total: 3.690900 ms (FindLiveObjects: 0.454200 ms CreateObjectMapping: 0.224100 ms MarkObjects: 2.905200 ms  DeleteObjects: 0.105800 ms)

========================================================================
Received Prepare
Refreshing native plugins compatible for Editor in 67.05 ms, found 3 plugins.
Preloading 0 native plugins for Editor in 0.00 ms.
Unloading 242 Unused Serialized files (Serialized files now loaded: 0)
System memory in use before: 183.2 MB.
System memory in use after: 183.3 MB.

Unloading 241 unused Assets to reduce memory usage. Loaded Objects now: 2328.
Total: 3.849200 ms (FindLiveObjects: 0.433100 ms CreateObjectMapping: 0.182400 ms MarkObjects: 3.161900 ms  DeleteObjects: 0.069200 ms)

========================================================================
Received Prepare
Refreshing native plugins compatible for Editor in 103.81 ms, found 3 plugins.
Preloading 0 native plugins for Editor in 0.00 ms.
Unloading 242 Unused Serialized files (Serialized files now loaded: 0)
System memory in use before: 183.4 MB.
System memory in use after: 183.5 MB.

Unloading 241 unused Assets to reduce memory usage. Loaded Objects now: 2328.
Total: 4.261600 ms (FindLiveObjects: 0.242600 ms CreateObjectMapping: 0.140500 ms MarkObjects: 3.796800 ms  DeleteObjects: 0.079900 ms)

========================================================================
Received Prepare
Refreshing native plugins compatible for Editor in 87.63 ms, found 3 plugins.
Preloading 0 native plugins for Editor in 0.00 ms.
Unloading 242 Unused Serialized files (Serialized files now loaded: 0)
System memory in use before: 183.5 MB.
System memory in use after: 183.6 MB.

Unloading 241 unused Assets to reduce memory usage. Loaded Objects now: 2328.
Total: 3.562800 ms (FindLiveObjects: 0.532800 ms CreateObjectMapping: 0.188300 ms MarkObjects: 2.765100 ms  DeleteObjects: 0.074500 ms)

========================================================================
Received Prepare
Refreshing native plugins compatible for Editor in 159.77 ms, found 3 plugins.
Preloading 0 native plugins for Editor in 0.00 ms.
Unloading 242 Unused Serialized files (Serialized files now loaded: 0)
System memory in use before: 183.7 MB.
System memory in use after: 183.8 MB.

Unloading 241 unused Assets to reduce memory usage. Loaded Objects now: 2328.
Total: 6.223400 ms (FindLiveObjects: 0.530700 ms CreateObjectMapping: 0.358700 ms MarkObjects: 5.184600 ms  DeleteObjects: 0.147000 ms)

========================================================================
Received Prepare
Registering precompiled user dll's ...
Registered in 0.874933 seconds.
Begin MonoManager ReloadAssembly
Native extension for WindowsStandalone target not found
Refreshing native plugins compatible for Editor in 2.95 ms, found 3 plugins.
Preloading 0 native plugins for Editor in 0.00 ms.
Mono: successfully reloaded assembly
- Completed reload, in 15.766 seconds
Platform modules already initialized, skipping
Switching build target platform(19) subTarget(0) extendedPlatform(0) -> platform(13) subTarget(537395200) extendedPlatform(0)
Refreshing native plugins compatible for Editor in 8.43 ms, found 3 plugins.
Preloading 0 native plugins for Editor in 0.00 ms.
Unloading 2078 Unused Serialized files (Serialized files now loaded: 0)
System memory in use before: 220.5 MB.
System memory in use after: 220.6 MB.

Unloading 251 unused Assets to reduce memory usage. Loaded Objects now: 2330.
Total: 18.023000 ms (FindLiveObjects: 1.950600 ms CreateObjectMapping: 0.326100 ms MarkObjects: 10.229700 ms  DeleteObjects: 5.513900 ms)

AssetImportParameters requested are different than current active one (requested -> active):
  custom:graphics/normal-map-encoding: 01000000000000000000000000000000 -> 02000000000000000000000000000000
AssetImportWorkerClient::OnTransportError - code=2 error=End of file
